-------------------------------------------------------------------------------
Test set: TestSuite
-------------------------------------------------------------------------------
Tests run: 1, Failures: 1, Errors: 0, Skipped: 0, Time elapsed: 1.887 s <<< FAILURE! - in TestSuite
feature(MyRunner.TestRunner)  Time elapsed: 0.504 s  <<< FAILURE!
cucumber.runtime.CucumberException: java.lang.IllegalStateException: The driver executable does not exist: C:\Users\naveenkhunteta\Downloads\chromedriver
	at MyRunner.TestRunner.feature(TestRunner.java:36)
Caused by: java.lang.IllegalStateException: The driver executable does not exist: C:\Users\naveenkhunteta\Downloads\chromedriver

